{
  "stats": {
    "suites": 1,
    "tests": 4,
    "passes": 4,
    "pending": 0,
    "failures": 0,
    "start": "2020-07-25T13:44:03.902Z",
    "end": "2020-07-25T13:44:05.718Z",
    "duration": 1816,
    "testsRegistered": 4,
    "passPercent": 100,
    "pendingPercent": 0,
    "other": 0,
    "hasOther": false,
    "skipped": 0,
    "hasSkipped": false
  },
  "results": [
    {
      "uuid": "9ab149f9-9fb9-4aaf-8f88-c0fb7b149601",
      "title": "",
      "fullFile": "cypress\\integration\\QAM\\url.spec.js",
      "file": "cypress\\integration\\QAM\\url.spec.js",
      "beforeHooks": [],
      "afterHooks": [],
      "tests": [],
      "suites": [
        {
          "uuid": "f216c257-c19e-4cb4-8e33-35e59eef7e15",
          "title": "Supports Multiple Language",
          "fullFile": "",
          "file": "",
          "beforeHooks": [],
          "afterHooks": [],
          "tests": [
            {
              "title": "Get the arabic page",
              "fullTitle": "Supports Multiple Language Get the arabic page",
              "timedOut": null,
              "duration": 1048,
              "state": "passed",
              "speed": "slow",
              "pass": true,
              "fail": false,
              "pending": false,
              "context": null,
              "code": "cy.visit(\"/#/ar\");\ncy.get(\".App > header div:first h6\");\ncy.get(\"body[dir='rtl'\").should(\"be.visible\");",
              "err": {},
              "uuid": "21546a6a-fe61-48b3-ba2b-49db527036b9",
              "parentUUID": "f216c257-c19e-4cb4-8e33-35e59eef7e15",
              "isHook": false,
              "skipped": false
            },
            {
              "title": "Get the hebrew page",
              "fullTitle": "Supports Multiple Language Get the hebrew page",
              "timedOut": null,
              "duration": 270,
              "state": "passed",
              "speed": "slow",
              "pass": true,
              "fail": false,
              "pending": false,
              "context": null,
              "code": "cy.visit(\"/#/he\");\ncy.hash().should(\"eq\", \"#he\");\ncy.get(\"body[dir='rtl'\").should(\"be.visible\");",
              "err": {},
              "uuid": "b571cbfb-a5ab-419b-926f-0c1a8f91958f",
              "parentUUID": "f216c257-c19e-4cb4-8e33-35e59eef7e15",
              "isHook": false,
              "skipped": false
            },
            {
              "title": "Get the english page by default",
              "fullTitle": "Supports Multiple Language Get the english page by default",
              "timedOut": null,
              "duration": 191,
              "state": "passed",
              "speed": "slow",
              "pass": true,
              "fail": false,
              "pending": false,
              "context": null,
              "code": "cy.visit(\"/\");\ncy.get(\"body[dir='ltr'\").should(\"be.visible\");",
              "err": {},
              "uuid": "99aec69d-8999-4137-b3c8-8c0700c26cf2",
              "parentUUID": "f216c257-c19e-4cb4-8e33-35e59eef7e15",
              "isHook": false,
              "skipped": false
            },
            {
              "title": "Get the english page for unsupported language specified in url",
              "fullTitle": "Supports Multiple Language Get the english page for unsupported language specified in url",
              "timedOut": null,
              "duration": 268,
              "state": "passed",
              "speed": "slow",
              "pass": true,
              "fail": false,
              "pending": false,
              "context": null,
              "code": "cy.visit(\"/ch\");\ncy.get(\".App > header div:first h6\").contains(\"Chuck Norris Fact Finder\");\ncy.get(\"body[dir='ltr'\").should(\"be.visible\");",
              "err": {},
              "uuid": "b10e1c5f-43cd-42d6-9832-73b8e1373794",
              "parentUUID": "f216c257-c19e-4cb4-8e33-35e59eef7e15",
              "isHook": false,
              "skipped": false
            }
          ],
          "suites": [],
          "passes": [
            "21546a6a-fe61-48b3-ba2b-49db527036b9",
            "b571cbfb-a5ab-419b-926f-0c1a8f91958f",
            "99aec69d-8999-4137-b3c8-8c0700c26cf2",
            "b10e1c5f-43cd-42d6-9832-73b8e1373794"
          ],
          "failures": [],
          "pending": [],
          "skipped": [],
          "duration": 1777,
          "root": false,
          "rootEmpty": false,
          "_timeout": 2000
        }
      ],
      "passes": [],
      "failures": [],
      "pending": [],
      "skipped": [],
      "duration": 0,
      "root": true,
      "rootEmpty": true,
      "_timeout": 2000
    }
  ],
  "meta": {
    "mocha": {
      "version": "7.0.1"
    },
    "mochawesome": {
      "options": {
        "quiet": false,
        "reportFilename": "mochawesome",
        "saveHtml": false,
        "saveJson": true,
        "consoleReporter": "spec",
        "useInlineDiffs": false,
        "code": true
      },
      "version": "6.1.1"
    },
    "marge": {
      "options": {
        "id": "default",
        "reportDir": "cypress/reports/mocha",
        "quite": true,
        "overwrite": false,
        "html": false,
        "json": true
      },
      "version": "5.1.0"
    }
  }
}