{
  "stats": {
    "suites": 1,
    "tests": 3,
    "passes": 3,
    "pending": 0,
    "failures": 0,
    "start": "2020-07-25T11:47:33.736Z",
    "end": "2020-07-25T11:47:34.682Z",
    "duration": 946,
    "testsRegistered": 3,
    "passPercent": 100,
    "pendingPercent": 0,
    "other": 0,
    "hasOther": false,
    "skipped": 0,
    "hasSkipped": false
  },
  "results": [
    {
      "uuid": "d9f23f47-57c9-48dd-867a-4f8a2f5ff2a4",
      "title": "",
      "fullFile": "cypress\\integration\\QAM\\header.spec.js",
      "file": "cypress\\integration\\QAM\\header.spec.js",
      "beforeHooks": [],
      "afterHooks": [],
      "tests": [],
      "suites": [
        {
          "uuid": "3e2601e1-9dc3-4bec-b76b-0c7f85ae99c1",
          "title": "Page Header",
          "fullFile": "",
          "file": "",
          "beforeHooks": [],
          "afterHooks": [],
          "tests": [
            {
              "title": "Has a title",
              "fullTitle": "Page Header Has a title",
              "timedOut": null,
              "duration": 789,
              "state": "passed",
              "speed": "slow",
              "pass": true,
              "fail": false,
              "pending": false,
              "context": null,
              "code": "cy.visit(\"/\");\ncy.get(\".App > header div:first h6\").contains(\"Chuck Norris Fact Finder\");",
              "err": {},
              "uuid": "7c1d1cea-a91b-4b52-8073-f15eb02b85df",
              "parentUUID": "3e2601e1-9dc3-4bec-b76b-0c7f85ae99c1",
              "isHook": false,
              "skipped": false
            },
            {
              "title": "Has a language option",
              "fullTitle": "Page Header Has a language option",
              "timedOut": null,
              "duration": 33,
              "state": "passed",
              "speed": "fast",
              "pass": true,
              "fail": false,
              "pending": false,
              "context": null,
              "code": "cy.get(\".App > header div:first h6\", {\n  timeout: 10000\n}).contains(\"Change Language\");",
              "err": {},
              "uuid": "9dea723c-1b98-4ca0-afa0-d3de792bb61f",
              "parentUUID": "3e2601e1-9dc3-4bec-b76b-0c7f85ae99c1",
              "isHook": false,
              "skipped": false
            },
            {
              "title": "Has 3 language options",
              "fullTitle": "Page Header Has 3 language options",
              "timedOut": null,
              "duration": 68,
              "state": "passed",
              "speed": "medium",
              "pass": true,
              "fail": false,
              "pending": false,
              "context": null,
              "code": "cy.get(\".App > header > div > div:nth-child(2) div\").within(function () {\n  cy.get(\"button[aria-label='english']\").contains(\"en\");\n  cy.get(\"button[aria-label='arabic']\").contains(\"ar\");\n  cy.get(\"button[aria-label='hebrew']\").contains(\"he\");\n});",
              "err": {},
              "uuid": "a4dab339-e809-40f6-9fb0-e73a78c2cac2",
              "parentUUID": "3e2601e1-9dc3-4bec-b76b-0c7f85ae99c1",
              "isHook": false,
              "skipped": false
            }
          ],
          "suites": [],
          "passes": [
            "7c1d1cea-a91b-4b52-8073-f15eb02b85df",
            "9dea723c-1b98-4ca0-afa0-d3de792bb61f",
            "a4dab339-e809-40f6-9fb0-e73a78c2cac2"
          ],
          "failures": [],
          "pending": [],
          "skipped": [],
          "duration": 890,
          "root": false,
          "rootEmpty": false,
          "_timeout": 2000
        }
      ],
      "passes": [],
      "failures": [],
      "pending": [],
      "skipped": [],
      "duration": 0,
      "root": true,
      "rootEmpty": true,
      "_timeout": 2000
    }
  ],
  "meta": {
    "mocha": {
      "version": "7.0.1"
    },
    "mochawesome": {
      "options": {
        "quiet": false,
        "reportFilename": "mochawesome",
        "saveHtml": false,
        "saveJson": true,
        "consoleReporter": "spec",
        "useInlineDiffs": false,
        "code": true
      },
      "version": "6.1.1"
    },
    "marge": {
      "options": {
        "id": "default",
        "reportDir": "cypress/reports/mocha",
        "quite": true,
        "overwrite": false,
        "html": false,
        "json": true
      },
      "version": "5.1.0"
    }
  }
}