{
  "stats": {
    "suites": 1,
    "tests": 9,
    "passes": 9,
    "pending": 0,
    "failures": 0,
    "start": "2020-07-25T13:43:54.238Z",
    "end": "2020-07-25T13:44:02.264Z",
    "duration": 8026,
    "testsRegistered": 9,
    "passPercent": 100,
    "pendingPercent": 0,
    "other": 0,
    "hasOther": false,
    "skipped": 0,
    "hasSkipped": false
  },
  "results": [
    {
      "uuid": "35fb6214-13c2-4062-b358-f8265ed4921e",
      "title": "",
      "fullFile": "cypress\\integration\\QAM\\search.spec.js",
      "file": "cypress\\integration\\QAM\\search.spec.js",
      "beforeHooks": [],
      "afterHooks": [],
      "tests": [],
      "suites": [
        {
          "uuid": "ae70ed67-b9e9-4b1b-b8e5-e4c68fd6abab",
          "title": "Gets joke",
          "fullFile": "",
          "file": "",
          "beforeHooks": [],
          "afterHooks": [],
          "tests": [
            {
              "title": "Get a random joke",
              "fullTitle": "Gets joke Get a random joke",
              "timedOut": null,
              "duration": 2032,
              "state": "passed",
              "speed": "slow",
              "pass": true,
              "fail": false,
              "pending": false,
              "context": null,
              "code": "cy.visit(\"/\");\ncy.get('input[aria-label=\"search chuck norris facts\"]').should(\"be.visible\");\ncy.get(\"form.search-box\").within(function ($form) {\n  cy.get('button[aria-label=\"searchRandom\"]').should(\"be.visible\").click();\n});\ncy.get(\".App .jokes-list > div > nav\").children().should(\"have.length\", 1);",
              "err": {},
              "uuid": "b9e4a7a4-4aa1-474c-b4f6-3e4d9a3d45c4",
              "parentUUID": "ae70ed67-b9e9-4b1b-b8e5-e4c68fd6abab",
              "isHook": false,
              "skipped": false
            },
            {
              "title": "Type in search box",
              "fullTitle": "Gets joke Type in search box",
              "timedOut": null,
              "duration": 576,
              "state": "passed",
              "speed": "slow",
              "pass": true,
              "fail": false,
              "pending": false,
              "context": null,
              "code": "cy.visit(\"/\");\ncy.get(\"form.search-box\").within(function () {\n  cy.get('input[aria-label=\"search chuck norris facts\"]').should(\"be.visible\").type(\"jokes.\").should(\"have.value\", \"jokes.\");\n});",
              "err": {},
              "uuid": "18599b3b-8622-4879-aa00-aec9c482a28f",
              "parentUUID": "ae70ed67-b9e9-4b1b-b8e5-e4c68fd6abab",
              "isHook": false,
              "skipped": false
            },
            {
              "title": "Get jokes",
              "fullTitle": "Gets joke Get jokes",
              "timedOut": null,
              "duration": 925,
              "state": "passed",
              "speed": "slow",
              "pass": true,
              "fail": false,
              "pending": false,
              "context": null,
              "code": "cy.visit(\"/\");\ncy.get(\"form.search-box\").within(function () {\n  cy.get('input[aria-label=\"search chuck norris facts\"]').should(\"be.visible\").type(\"jokes.\");\n});\ncy.get(\".App .jokes-list > div > nav[aria-label='jokes']\").children().should(\"have.length.greaterThan\", 1).should(\"have.length.lessThan\", 16);",
              "err": {},
              "uuid": "ba8d2ba0-3e86-4dcc-95da-053c670a5bfa",
              "parentUUID": "ae70ed67-b9e9-4b1b-b8e5-e4c68fd6abab",
              "isHook": false,
              "skipped": false
            },
            {
              "title": "Get a random joke after getting list of joke",
              "fullTitle": "Gets joke Get a random joke after getting list of joke",
              "timedOut": null,
              "duration": 335,
              "state": "passed",
              "speed": "slow",
              "pass": true,
              "fail": false,
              "pending": false,
              "context": null,
              "code": "cy.get('input[aria-label=\"search chuck norris facts\"]').should(\"be.visible\");\ncy.get(\"form.search-box\").within(function ($form) {\n  cy.get('button[aria-label=\"searchRandom\"]').should(\"be.visible\").click();\n});\ncy.get(\".App .jokes-list > div > nav\").children().should(\"have.length\", 1);",
              "err": {},
              "uuid": "4df126cb-470c-4472-8a47-6c8b24c0b645",
              "parentUUID": "ae70ed67-b9e9-4b1b-b8e5-e4c68fd6abab",
              "isHook": false,
              "skipped": false
            },
            {
              "title": "Return error if search key is less than 3",
              "fullTitle": "Gets joke Return error if search key is less than 3",
              "timedOut": null,
              "duration": 541,
              "state": "passed",
              "speed": "slow",
              "pass": true,
              "fail": false,
              "pending": false,
              "context": null,
              "code": "cy.visit(\"/\");\ncy.get(\"form.search-box\").within(function () {\n  cy.get('input[aria-label=\"search chuck norris facts\"]').should(\"be.visible\").type(\"jo\").should(\"have.value\", \"jo\");\n  cy.get('button[aria-label=\"search\"]').should(\"be.visible\").click();\n});\ncy.contains(\"Search term must have atleast 3 characters.\");",
              "err": {},
              "uuid": "b8101a4b-6a67-4752-80a8-249af47f2cd5",
              "parentUUID": "ae70ed67-b9e9-4b1b-b8e5-e4c68fd6abab",
              "isHook": false,
              "skipped": false
            },
            {
              "title": "Get a random joke after getting error message",
              "fullTitle": "Gets joke Get a random joke after getting error message",
              "timedOut": null,
              "duration": 323,
              "state": "passed",
              "speed": "slow",
              "pass": true,
              "fail": false,
              "pending": false,
              "context": null,
              "code": "cy.get('input[aria-label=\"search chuck norris facts\"]').should(\"be.visible\");\ncy.get(\"form.search-box\").within(function ($form) {\n  cy.get('button[aria-label=\"searchRandom\"]').should(\"be.visible\").click();\n});\ncy.get(\".App .jokes-list > div > nav\").children().should(\"have.length\", 1);",
              "err": {},
              "uuid": "083fbd28-4533-431d-8b97-bcfdf6e037e9",
              "parentUUID": "ae70ed67-b9e9-4b1b-b8e5-e4c68fd6abab",
              "isHook": false,
              "skipped": false
            },
            {
              "title": "Get jokes after an error message",
              "fullTitle": "Gets joke Get jokes after an error message",
              "timedOut": null,
              "duration": 902,
              "state": "passed",
              "speed": "slow",
              "pass": true,
              "fail": false,
              "pending": false,
              "context": null,
              "code": "cy.visit(\"/\");\ncy.get(\"form.search-box\").within(function () {\n  cy.get('input[aria-label=\"search chuck norris facts\"]').should(\"be.visible\").type(\"high\");\n});\ncy.get(\".App .jokes-list > div > nav[aria-label='jokes']\").children().should(\"have.length.greaterThan\", 1).should(\"have.length.lessThan\", 16);",
              "err": {},
              "uuid": "28e0f23a-ce0f-4604-af59-a33a469105f0",
              "parentUUID": "ae70ed67-b9e9-4b1b-b8e5-e4c68fd6abab",
              "isHook": false,
              "skipped": false
            },
            {
              "title": "Test Search button",
              "fullTitle": "Gets joke Test Search button",
              "timedOut": null,
              "duration": 175,
              "state": "passed",
              "speed": "slow",
              "pass": true,
              "fail": false,
              "pending": false,
              "context": null,
              "code": "cy.get(\"form.search-box\").within(function () {\n  cy.get('input[aria-label=\"search chuck norris facts\"]').should(\"be.visible\");\n  cy.get('button[aria-label=\"search\"]').should(\"be.visible\").click();\n});",
              "err": {},
              "uuid": "98dee565-f0c1-46b4-acac-95bf081cb48d",
              "parentUUID": "ae70ed67-b9e9-4b1b-b8e5-e4c68fd6abab",
              "isHook": false,
              "skipped": false
            },
            {
              "title": "Try invalid search word",
              "fullTitle": "Gets joke Try invalid search word",
              "timedOut": null,
              "duration": 1969,
              "state": "passed",
              "speed": "slow",
              "pass": true,
              "fail": false,
              "pending": false,
              "context": null,
              "code": "var _this = this;\ncy.visit(\"/\");\ncy.get(\"form.search-box\").within(function () {\n  cy.get('input[aria-label=\"search chuck norris facts\"]').should(\"be.visible\").type(_this.keys.willProduceEmptySearchResult).should(\"have.value\", _this.keys.willProduceEmptySearchResult);\n  cy.get('button[aria-label=\"search\"]').should(\"be.visible\").click();\n});\ncy.contains(\"NO MATCHES FOR \\\"\".concat(this.keys.willProduceEmptySearchResult, \"\\\". TRY ANOTHER SEARCH TERM.\"), {\n  matchCase: false\n});",
              "err": {},
              "uuid": "f7c2f884-7d62-4f05-a4e7-49c4b1ac5dd8",
              "parentUUID": "ae70ed67-b9e9-4b1b-b8e5-e4c68fd6abab",
              "isHook": false,
              "skipped": false
            }
          ],
          "suites": [],
          "passes": [
            "b9e4a7a4-4aa1-474c-b4f6-3e4d9a3d45c4",
            "18599b3b-8622-4879-aa00-aec9c482a28f",
            "ba8d2ba0-3e86-4dcc-95da-053c670a5bfa",
            "4df126cb-470c-4472-8a47-6c8b24c0b645",
            "b8101a4b-6a67-4752-80a8-249af47f2cd5",
            "083fbd28-4533-431d-8b97-bcfdf6e037e9",
            "28e0f23a-ce0f-4604-af59-a33a469105f0",
            "98dee565-f0c1-46b4-acac-95bf081cb48d",
            "f7c2f884-7d62-4f05-a4e7-49c4b1ac5dd8"
          ],
          "failures": [],
          "pending": [],
          "skipped": [],
          "duration": 7778,
          "root": false,
          "rootEmpty": false,
          "_timeout": 2000
        }
      ],
      "passes": [],
      "failures": [],
      "pending": [],
      "skipped": [],
      "duration": 0,
      "root": true,
      "rootEmpty": true,
      "_timeout": 2000
    }
  ],
  "meta": {
    "mocha": {
      "version": "7.0.1"
    },
    "mochawesome": {
      "options": {
        "quiet": false,
        "reportFilename": "mochawesome",
        "saveHtml": false,
        "saveJson": true,
        "consoleReporter": "spec",
        "useInlineDiffs": false,
        "code": true
      },
      "version": "6.1.1"
    },
    "marge": {
      "options": {
        "id": "default",
        "reportDir": "cypress/reports/mocha",
        "quite": true,
        "overwrite": false,
        "html": false,
        "json": true
      },
      "version": "5.1.0"
    }
  }
}