{
  "stats": {
    "suites": 1,
    "tests": 1,
    "passes": 1,
    "pending": 0,
    "failures": 0,
    "start": "2020-07-25T09:21:47.097Z",
    "end": "2020-07-25T09:21:48.237Z",
    "duration": 1140,
    "testsRegistered": 1,
    "passPercent": 100,
    "pendingPercent": 0,
    "other": 0,
    "hasOther": false,
    "skipped": 0,
    "hasSkipped": false
  },
  "results": [
    {
      "uuid": "7be7099c-a95d-45f3-b467-45ae59dc8231",
      "title": "",
      "fullFile": "cypress\\integration\\QAM\\layout.spec.js",
      "file": "cypress\\integration\\QAM\\layout.spec.js",
      "beforeHooks": [],
      "afterHooks": [],
      "tests": [],
      "suites": [
        {
          "uuid": "6275411d-a711-48fa-9b4e-f6958e00b39a",
          "title": "Page Layout",
          "fullFile": "",
          "file": "",
          "beforeHooks": [],
          "afterHooks": [],
          "tests": [
            {
              "title": "Has left alignment by default",
              "fullTitle": "Page Layout Has left alignment by default",
              "timedOut": null,
              "duration": 1092,
              "state": "passed",
              "speed": "slow",
              "pass": true,
              "fail": false,
              "pending": false,
              "context": null,
              "code": "cy.visit(\"/\");\ncy.viewport(1680, 1050);\ncy.get(\"header\").should(\"be.leftAligned\", \"main\");",
              "err": {},
              "uuid": "09e66ede-3552-4af1-a50b-3e81def2567d",
              "parentUUID": "6275411d-a711-48fa-9b4e-f6958e00b39a",
              "isHook": false,
              "skipped": false
            }
          ],
          "suites": [],
          "passes": [
            "09e66ede-3552-4af1-a50b-3e81def2567d"
          ],
          "failures": [],
          "pending": [],
          "skipped": [],
          "duration": 1092,
          "root": false,
          "rootEmpty": false,
          "_timeout": 2000
        }
      ],
      "passes": [],
      "failures": [],
      "pending": [],
      "skipped": [],
      "duration": 0,
      "root": true,
      "rootEmpty": true,
      "_timeout": 2000
    }
  ],
  "meta": {
    "mocha": {
      "version": "7.0.1"
    },
    "mochawesome": {
      "options": {
        "quiet": false,
        "reportFilename": "mochawesome",
        "saveHtml": false,
        "saveJson": true,
        "consoleReporter": "spec",
        "useInlineDiffs": false,
        "code": true
      },
      "version": "6.1.1"
    },
    "marge": {
      "options": {
        "id": "default",
        "reportDir": "cypress/reports/mocha",
        "quite": true,
        "overwrite": false,
        "html": false,
        "json": true
      },
      "version": "5.1.0"
    }
  }
}