{
  "stats": {
    "suites": 1,
    "tests": 1,
    "passes": 0,
    "pending": 0,
    "failures": 1,
    "start": "2020-07-25T08:00:20.419Z",
    "end": "2020-07-25T08:00:21.275Z",
    "duration": 856,
    "testsRegistered": 1,
    "passPercent": 0,
    "pendingPercent": 0,
    "other": 0,
    "hasOther": false,
    "skipped": 0,
    "hasSkipped": false
  },
  "results": [
    {
      "uuid": "f4540e9f-47e2-4801-a44a-eb815e1e3e67",
      "title": "",
      "fullFile": "cypress\\integration\\QAM\\basics.spec.js",
      "file": "cypress\\integration\\QAM\\basics.spec.js",
      "beforeHooks": [],
      "afterHooks": [],
      "tests": [],
      "suites": [
        {
          "uuid": "b2c0ed5a-c64b-464d-b8dd-786bf829d9ba",
          "title": "Front Page",
          "fullFile": "",
          "file": "",
          "beforeHooks": [],
          "afterHooks": [],
          "tests": [
            {
              "title": "Has header",
              "fullTitle": "Front Page Has header",
              "timedOut": null,
              "duration": 755,
              "state": "failed",
              "speed": null,
              "pass": false,
              "fail": true,
              "pending": false,
              "context": null,
              "code": "cy.visit(\"https://localhost:3000\");\ncy.get(\".App > header div:first h6\").contains(\"Chuk Norris Fact Finder\").should(\"be.visible\");",
              "err": {
                "message": "CypressError: `cy.visit()` failed trying to load:\n\nhttps://localhost:3000/\n\nWe attempted to make an http request to this URL but the request failed without a response.\n\nWe received this error at the network level:\n\n  > Error: write EPROTO 4263081928:error:100000f7:SSL routines:OPENSSL_internal:WRONG_VERSION_NUMBER:../../third_party/boringssl/src/ssl/tls_record.cc:242:\n\nCommon situations why this would fail:\n  - you don't have internet access\n  - you forgot to run / boot your web server\n  - your web server isn't accessible\n  - you have weird network configuration settings on your computer",
                "estack": "CypressError: `cy.visit()` failed trying to load:\n\nhttps://localhost:3000/\n\nWe attempted to make an http request to this URL but the request failed without a response.\n\nWe received this error at the network level:\n\n  > Error: write EPROTO 4263081928:error:100000f7:SSL routines:OPENSSL_internal:WRONG_VERSION_NUMBER:../../third_party/boringssl/src/ssl/tls_record.cc:242:\n\nCommon situations why this would fail:\n  - you don't have internet access\n  - you forgot to run / boot your web server\n  - your web server isn't accessible\n  - you have weird network configuration settings on your computer\n    at http://localhost:3000/__cypress/runner/cypress_runner.js:156598:23\n    at visitFailedByErr (http://localhost:3000/__cypress/runner/cypress_runner.js:155959:12)\n    at http://localhost:3000/__cypress/runner/cypress_runner.js:156597:11\n    at tryCatcher (http://localhost:3000/__cypress/runner/cypress_runner.js:9956:23)\n    at Promise._settlePromiseFromHandler (http://localhost:3000/__cypress/runner/cypress_runner.js:7891:31)\n    at Promise._settlePromise (http://localhost:3000/__cypress/runner/cypress_runner.js:7948:18)\n    at Promise._settlePromise0 (http://localhost:3000/__cypress/runner/cypress_runner.js:7993:10)\n    at Promise._settlePromises (http://localhost:3000/__cypress/runner/cypress_runner.js:8069:18)\n    at _drainQueueStep (http://localhost:3000/__cypress/runner/cypress_runner.js:4663:12)\n    at _drainQueue (http://localhost:3000/__cypress/runner/cypress_runner.js:4656:9)\n    at Async.../../node_modules/bluebird/js/release/async.js.Async._drainQueues (http://localhost:3000/__cypress/runner/cypress_runner.js:4672:5)\n    at Async.drainQueues (http://localhost:3000/__cypress/runner/cypress_runner.js:4542:14)\nFrom Your Spec Code:\n    at Context.eval (http://localhost:3000/__cypress/tests?p=cypress\\integration\\QAM\\basics.spec.js:6:8)\n\nFrom Node.js Internals:\n  Error: write EPROTO 4263081928:error:100000f7:SSL routines:OPENSSL_internal:WRONG_VERSION_NUMBER:../../third_party/boringssl/src/ssl/tls_record.cc:242:\n  \n      at WriteWrap.onWriteComplete [as oncomplete] (internal/stream_base_commons.js:87:16)\n  ",
                "diff": null
              },
              "uuid": "d7697098-2d54-4026-922b-f798de529834",
              "parentUUID": "b2c0ed5a-c64b-464d-b8dd-786bf829d9ba",
              "isHook": false,
              "skipped": false
            }
          ],
          "suites": [],
          "passes": [],
          "failures": [
            "d7697098-2d54-4026-922b-f798de529834"
          ],
          "pending": [],
          "skipped": [],
          "duration": 755,
          "root": false,
          "rootEmpty": false,
          "_timeout": 2000
        }
      ],
      "passes": [],
      "failures": [],
      "pending": [],
      "skipped": [],
      "duration": 0,
      "root": true,
      "rootEmpty": true,
      "_timeout": 2000
    }
  ],
  "meta": {
    "mocha": {
      "version": "7.0.1"
    },
    "mochawesome": {
      "options": {
        "quiet": false,
        "reportFilename": "mochawesome",
        "saveHtml": false,
        "saveJson": true,
        "consoleReporter": "spec",
        "useInlineDiffs": false,
        "code": true
      },
      "version": "6.1.1"
    },
    "marge": {
      "options": {
        "id": "default",
        "reportDir": "cypress/reports/mocha",
        "quite": true,
        "overwrite": false,
        "html": false,
        "json": true
      },
      "version": "5.1.0"
    }
  }
}