{
  "stats": {
    "suites": 1,
    "tests": 4,
    "passes": 4,
    "pending": 0,
    "failures": 0,
    "start": "2020-07-25T12:13:36.368Z",
    "end": "2020-07-25T12:13:38.762Z",
    "duration": 2394,
    "testsRegistered": 4,
    "passPercent": 100,
    "pendingPercent": 0,
    "other": 0,
    "hasOther": false,
    "skipped": 0,
    "hasSkipped": false
  },
  "results": [
    {
      "uuid": "9ef3ae5d-3369-454c-a3c1-28f8c70193a0",
      "title": "",
      "fullFile": "cypress\\integration\\QAM\\url.spec.js",
      "file": "cypress\\integration\\QAM\\url.spec.js",
      "beforeHooks": [],
      "afterHooks": [],
      "tests": [],
      "suites": [
        {
          "uuid": "e1b62ffc-e356-4fde-a478-8fedc0e40568",
          "title": "Supports Multiple Language",
          "fullFile": "",
          "file": "",
          "beforeHooks": [],
          "afterHooks": [],
          "tests": [
            {
              "title": "Get the arabic page",
              "fullTitle": "Supports Multiple Language Get the arabic page",
              "timedOut": null,
              "duration": 1405,
              "state": "passed",
              "speed": "slow",
              "pass": true,
              "fail": false,
              "pending": false,
              "context": null,
              "code": "cy.visit(\"/#/ar\");\ncy.get(\".App > header div:first h6\");\ncy.get(\"body[dir='rtl'\").should(\"be.visible\");",
              "err": {},
              "uuid": "4f59245c-4ffd-4c1e-a1d2-158377cde5f2",
              "parentUUID": "e1b62ffc-e356-4fde-a478-8fedc0e40568",
              "isHook": false,
              "skipped": false
            },
            {
              "title": "Get the hebrew page",
              "fullTitle": "Supports Multiple Language Get the hebrew page",
              "timedOut": null,
              "duration": 348,
              "state": "passed",
              "speed": "slow",
              "pass": true,
              "fail": false,
              "pending": false,
              "context": null,
              "code": "cy.visit(\"/#/he\");\ncy.hash().should(\"eq\", \"#he\");\ncy.get(\"body[dir='rtl'\").should(\"be.visible\");",
              "err": {},
              "uuid": "210dd0d2-31cb-421c-8e6e-0da0eea2727d",
              "parentUUID": "e1b62ffc-e356-4fde-a478-8fedc0e40568",
              "isHook": false,
              "skipped": false
            },
            {
              "title": "Get the english page by default",
              "fullTitle": "Supports Multiple Language Get the english page by default",
              "timedOut": null,
              "duration": 266,
              "state": "passed",
              "speed": "slow",
              "pass": true,
              "fail": false,
              "pending": false,
              "context": null,
              "code": "cy.visit(\"/\");\ncy.get(\"body[dir='ltr'\").should(\"be.visible\");",
              "err": {},
              "uuid": "030a1c60-6b6b-49db-9629-a181c5c819fa",
              "parentUUID": "e1b62ffc-e356-4fde-a478-8fedc0e40568",
              "isHook": false,
              "skipped": false
            },
            {
              "title": "Get the english page for unsupported language specified in url",
              "fullTitle": "Supports Multiple Language Get the english page for unsupported language specified in url",
              "timedOut": null,
              "duration": 281,
              "state": "passed",
              "speed": "slow",
              "pass": true,
              "fail": false,
              "pending": false,
              "context": null,
              "code": "cy.visit(\"/ch\");\ncy.get(\".App > header div:first h6\").contains(\"Chuck Norris Fact Finder\");\ncy.get(\"body[dir='ltr'\").should(\"be.visible\");",
              "err": {},
              "uuid": "84ab6886-4319-4c09-bd3c-fb70eaac08d4",
              "parentUUID": "e1b62ffc-e356-4fde-a478-8fedc0e40568",
              "isHook": false,
              "skipped": false
            }
          ],
          "suites": [],
          "passes": [
            "4f59245c-4ffd-4c1e-a1d2-158377cde5f2",
            "210dd0d2-31cb-421c-8e6e-0da0eea2727d",
            "030a1c60-6b6b-49db-9629-a181c5c819fa",
            "84ab6886-4319-4c09-bd3c-fb70eaac08d4"
          ],
          "failures": [],
          "pending": [],
          "skipped": [],
          "duration": 2300,
          "root": false,
          "rootEmpty": false,
          "_timeout": 2000
        }
      ],
      "passes": [],
      "failures": [],
      "pending": [],
      "skipped": [],
      "duration": 0,
      "root": true,
      "rootEmpty": true,
      "_timeout": 2000
    }
  ],
  "meta": {
    "mocha": {
      "version": "7.0.1"
    },
    "mochawesome": {
      "options": {
        "quiet": false,
        "reportFilename": "mochawesome",
        "saveHtml": false,
        "saveJson": true,
        "consoleReporter": "spec",
        "useInlineDiffs": false,
        "code": true
      },
      "version": "6.1.1"
    },
    "marge": {
      "options": {
        "id": "default",
        "reportDir": "cypress/reports/mocha",
        "quite": true,
        "overwrite": false,
        "html": false,
        "json": true
      },
      "version": "5.1.0"
    }
  }
}