{
  "stats": {
    "suites": 1,
    "tests": 1,
    "passes": 1,
    "pending": 0,
    "failures": 0,
    "start": "2020-07-25T08:44:20.431Z",
    "end": "2020-07-25T08:44:21.756Z",
    "duration": 1325,
    "testsRegistered": 1,
    "passPercent": 100,
    "pendingPercent": 0,
    "other": 0,
    "hasOther": false,
    "skipped": 0,
    "hasSkipped": false
  },
  "results": [
    {
      "uuid": "23d52ff9-2798-4762-826b-5e78390a4200",
      "title": "",
      "fullFile": "cypress\\integration\\QAM\\front_page.spec.js",
      "file": "cypress\\integration\\QAM\\front_page.spec.js",
      "beforeHooks": [],
      "afterHooks": [],
      "tests": [],
      "suites": [
        {
          "uuid": "3a877bd4-35ba-4b55-9263-d2e71f20af58",
          "title": "Front Page",
          "fullFile": "",
          "file": "",
          "beforeHooks": [],
          "afterHooks": [],
          "tests": [
            {
              "title": "Has header",
              "fullTitle": "Front Page Has header",
              "timedOut": null,
              "duration": 1289,
              "state": "passed",
              "speed": "slow",
              "pass": true,
              "fail": false,
              "pending": false,
              "context": null,
              "code": "cy.visit(\"/\");\ncy.get(\".App > header div:first h6\").contains(\"Chuk Norris Fact Finder\").should(\"be.visible\");",
              "err": {},
              "uuid": "0e2dd847-ab82-4c5c-803e-ca9e44e3c5cf",
              "parentUUID": "3a877bd4-35ba-4b55-9263-d2e71f20af58",
              "isHook": false,
              "skipped": false
            }
          ],
          "suites": [],
          "passes": [
            "0e2dd847-ab82-4c5c-803e-ca9e44e3c5cf"
          ],
          "failures": [],
          "pending": [],
          "skipped": [],
          "duration": 1289,
          "root": false,
          "rootEmpty": false,
          "_timeout": 2000
        }
      ],
      "passes": [],
      "failures": [],
      "pending": [],
      "skipped": [],
      "duration": 0,
      "root": true,
      "rootEmpty": true,
      "_timeout": 2000
    }
  ],
  "meta": {
    "mocha": {
      "version": "7.0.1"
    },
    "mochawesome": {
      "options": {
        "quiet": false,
        "reportFilename": "mochawesome",
        "saveHtml": false,
        "saveJson": true,
        "consoleReporter": "spec",
        "useInlineDiffs": false,
        "code": true
      },
      "version": "6.1.1"
    },
    "marge": {
      "options": {
        "id": "default",
        "reportDir": "cypress/reports/mocha",
        "quite": true,
        "overwrite": false,
        "html": false,
        "json": true
      },
      "version": "5.1.0"
    }
  }
}