{
  "stats": {
    "suites": 1,
    "tests": 3,
    "passes": 3,
    "pending": 0,
    "failures": 0,
    "start": "2020-07-25T11:47:31.231Z",
    "end": "2020-07-25T11:47:32.093Z",
    "duration": 862,
    "testsRegistered": 3,
    "passPercent": 100,
    "pendingPercent": 0,
    "other": 0,
    "hasOther": false,
    "skipped": 0,
    "hasSkipped": false
  },
  "results": [
    {
      "uuid": "7b79aef0-38ee-447c-be32-df5b9dfb6adb",
      "title": "",
      "fullFile": "cypress\\integration\\QAM\\front_page.spec.js",
      "file": "cypress\\integration\\QAM\\front_page.spec.js",
      "beforeHooks": [],
      "afterHooks": [],
      "tests": [],
      "suites": [
        {
          "uuid": "0701cde9-d6ab-4a31-9707-11a9a59b8a00",
          "title": "Front Page",
          "fullFile": "",
          "file": "",
          "beforeHooks": [],
          "afterHooks": [],
          "tests": [
            {
              "title": "Loads the page",
              "fullTitle": "Front Page Loads the page",
              "timedOut": null,
              "duration": 789,
              "state": "passed",
              "speed": "slow",
              "pass": true,
              "fail": false,
              "pending": false,
              "context": null,
              "code": "cy.visit(\"/\");\ncy.title().should(\"eq\", \"Chuck Norris Facts\");\ncy.location(\"protocol\").should(\"eq\", \"http:\");",
              "err": {},
              "uuid": "5ac529d5-2a10-4191-98a4-30f91f34d3e6",
              "parentUUID": "0701cde9-d6ab-4a31-9707-11a9a59b8a00",
              "isHook": false,
              "skipped": false
            },
            {
              "title": "Has a header",
              "fullTitle": "Front Page Has a header",
              "timedOut": null,
              "duration": 34,
              "state": "passed",
              "speed": "fast",
              "pass": true,
              "fail": false,
              "pending": false,
              "context": null,
              "code": "cy.get(\".App > header div:first h6\").should(\"be.visible\");",
              "err": {},
              "uuid": "05672abc-4fa7-458b-adb1-2dd01b1292b9",
              "parentUUID": "0701cde9-d6ab-4a31-9707-11a9a59b8a00",
              "isHook": false,
              "skipped": false
            },
            {
              "title": "Has a search input",
              "fullTitle": "Front Page Has a search input",
              "timedOut": null,
              "duration": 29,
              "state": "passed",
              "speed": "fast",
              "pass": true,
              "fail": false,
              "pending": false,
              "context": null,
              "code": "cy.get('input[aria-label=\"search chuck norris facts\"]').should(\"be.visible\");",
              "err": {},
              "uuid": "777c4f2e-3c43-4f9d-9ba3-532084c16e54",
              "parentUUID": "0701cde9-d6ab-4a31-9707-11a9a59b8a00",
              "isHook": false,
              "skipped": false
            }
          ],
          "suites": [],
          "passes": [
            "5ac529d5-2a10-4191-98a4-30f91f34d3e6",
            "05672abc-4fa7-458b-adb1-2dd01b1292b9",
            "777c4f2e-3c43-4f9d-9ba3-532084c16e54"
          ],
          "failures": [],
          "pending": [],
          "skipped": [],
          "duration": 852,
          "root": false,
          "rootEmpty": false,
          "_timeout": 2000
        }
      ],
      "passes": [],
      "failures": [],
      "pending": [],
      "skipped": [],
      "duration": 0,
      "root": true,
      "rootEmpty": true,
      "_timeout": 2000
    }
  ],
  "meta": {
    "mocha": {
      "version": "7.0.1"
    },
    "mochawesome": {
      "options": {
        "quiet": false,
        "reportFilename": "mochawesome",
        "saveHtml": false,
        "saveJson": true,
        "consoleReporter": "spec",
        "useInlineDiffs": false,
        "code": true
      },
      "version": "6.1.1"
    },
    "marge": {
      "options": {
        "id": "default",
        "reportDir": "cypress/reports/mocha",
        "quite": true,
        "overwrite": false,
        "html": false,
        "json": true
      },
      "version": "5.1.0"
    }
  }
}