{
  "stats": {
    "suites": 1,
    "tests": 3,
    "passes": 3,
    "pending": 0,
    "failures": 0,
    "start": "2020-07-25T08:59:54.295Z",
    "end": "2020-07-25T08:59:56.205Z",
    "duration": 1910,
    "testsRegistered": 3,
    "passPercent": 100,
    "pendingPercent": 0,
    "other": 0,
    "hasOther": false,
    "skipped": 0,
    "hasSkipped": false
  },
  "results": [
    {
      "uuid": "9b69afd9-5dfa-4aeb-84c8-b99e3045a113",
      "title": "",
      "fullFile": "cypress\\integration\\QAM\\front_page.spec.js",
      "file": "cypress\\integration\\QAM\\front_page.spec.js",
      "beforeHooks": [],
      "afterHooks": [],
      "tests": [],
      "suites": [
        {
          "uuid": "757ab287-35ab-40d5-ae8e-12dc6de1a314",
          "title": "Front Page",
          "fullFile": "",
          "file": "",
          "beforeHooks": [],
          "afterHooks": [],
          "tests": [
            {
              "title": "Loads the page",
              "fullTitle": "Front Page Loads the page",
              "timedOut": null,
              "duration": 1740,
              "state": "passed",
              "speed": "slow",
              "pass": true,
              "fail": false,
              "pending": false,
              "context": null,
              "code": "cy.visit(\"/\");\ncy.title().should(\"eq\", \"Chuck Norris Facts\");\ncy.location(\"protocol\").should(\"eq\", \"http:\");",
              "err": {},
              "uuid": "b6ac1364-2e1c-416c-a745-8551e41fa3b5",
              "parentUUID": "757ab287-35ab-40d5-ae8e-12dc6de1a314",
              "isHook": false,
              "skipped": false
            },
            {
              "title": "Has a header",
              "fullTitle": "Front Page Has a header",
              "timedOut": null,
              "duration": 60,
              "state": "passed",
              "speed": "medium",
              "pass": true,
              "fail": false,
              "pending": false,
              "context": null,
              "code": "cy.get(\".App > header div:first h6\").contains(\"Chuck Norris Fact Finder\").should(\"be.visible\");",
              "err": {},
              "uuid": "17c2d541-0003-4196-93c8-f372d85dfc1a",
              "parentUUID": "757ab287-35ab-40d5-ae8e-12dc6de1a314",
              "isHook": false,
              "skipped": false
            },
            {
              "title": "Has a search input",
              "fullTitle": "Front Page Has a search input",
              "timedOut": null,
              "duration": 63,
              "state": "passed",
              "speed": "medium",
              "pass": true,
              "fail": false,
              "pending": false,
              "context": null,
              "code": "cy.get('input[aria-label=\"search chuck norris facts\"]').should(\"be.visible\");",
              "err": {},
              "uuid": "792daf22-3251-4b30-befa-e9f70ea4cb7f",
              "parentUUID": "757ab287-35ab-40d5-ae8e-12dc6de1a314",
              "isHook": false,
              "skipped": false
            }
          ],
          "suites": [],
          "passes": [
            "b6ac1364-2e1c-416c-a745-8551e41fa3b5",
            "17c2d541-0003-4196-93c8-f372d85dfc1a",
            "792daf22-3251-4b30-befa-e9f70ea4cb7f"
          ],
          "failures": [],
          "pending": [],
          "skipped": [],
          "duration": 1863,
          "root": false,
          "rootEmpty": false,
          "_timeout": 2000
        }
      ],
      "passes": [],
      "failures": [],
      "pending": [],
      "skipped": [],
      "duration": 0,
      "root": true,
      "rootEmpty": true,
      "_timeout": 2000
    }
  ],
  "meta": {
    "mocha": {
      "version": "7.0.1"
    },
    "mochawesome": {
      "options": {
        "quiet": false,
        "reportFilename": "mochawesome",
        "saveHtml": false,
        "saveJson": true,
        "consoleReporter": "spec",
        "useInlineDiffs": false,
        "code": true
      },
      "version": "6.1.1"
    },
    "marge": {
      "options": {
        "id": "default",
        "reportDir": "cypress/reports/mocha",
        "quite": true,
        "overwrite": false,
        "html": false,
        "json": true
      },
      "version": "5.1.0"
    }
  }
}