{
  "stats": {
    "suites": 1,
    "tests": 3,
    "passes": 3,
    "pending": 0,
    "failures": 0,
    "start": "2020-07-25T12:13:30.202Z",
    "end": "2020-07-25T12:13:31.142Z",
    "duration": 940,
    "testsRegistered": 3,
    "passPercent": 100,
    "pendingPercent": 0,
    "other": 0,
    "hasOther": false,
    "skipped": 0,
    "hasSkipped": false
  },
  "results": [
    {
      "uuid": "2a7a6399-5fed-474b-9977-e5ac8fdd826b",
      "title": "",
      "fullFile": "cypress\\integration\\QAM\\header.spec.js",
      "file": "cypress\\integration\\QAM\\header.spec.js",
      "beforeHooks": [],
      "afterHooks": [],
      "tests": [],
      "suites": [
        {
          "uuid": "cab91916-acd6-45d0-a559-8793dfa627aa",
          "title": "Page Header",
          "fullFile": "",
          "file": "",
          "beforeHooks": [],
          "afterHooks": [],
          "tests": [
            {
              "title": "Has a title",
              "fullTitle": "Page Header Has a title",
              "timedOut": null,
              "duration": 774,
              "state": "passed",
              "speed": "slow",
              "pass": true,
              "fail": false,
              "pending": false,
              "context": null,
              "code": "cy.visit(\"/\");\ncy.get(\".App > header div:first h6\").contains(\"Chuck Norris Fact Finder\");",
              "err": {},
              "uuid": "ede8bee6-5359-4b75-a2fb-d7c5a798c3e1",
              "parentUUID": "cab91916-acd6-45d0-a559-8793dfa627aa",
              "isHook": false,
              "skipped": false
            },
            {
              "title": "Has a language option",
              "fullTitle": "Page Header Has a language option",
              "timedOut": null,
              "duration": 41,
              "state": "passed",
              "speed": "medium",
              "pass": true,
              "fail": false,
              "pending": false,
              "context": null,
              "code": "cy.get(\".App > header div:first h6\", {\n  timeout: 10000\n}).contains(\"Change Language\");",
              "err": {},
              "uuid": "730a9a35-44d8-4b21-b454-8e31d29ae7dc",
              "parentUUID": "cab91916-acd6-45d0-a559-8793dfa627aa",
              "isHook": false,
              "skipped": false
            },
            {
              "title": "Has 3 language options",
              "fullTitle": "Page Header Has 3 language options",
              "timedOut": null,
              "duration": 70,
              "state": "passed",
              "speed": "medium",
              "pass": true,
              "fail": false,
              "pending": false,
              "context": null,
              "code": "cy.get(\".App > header > div > div:nth-child(2) div\").within(function () {\n  cy.get(\"button[aria-label='english']\").contains(\"en\");\n  cy.get(\"button[aria-label='arabic']\").contains(\"ar\");\n  cy.get(\"button[aria-label='hebrew']\").contains(\"he\");\n});",
              "err": {},
              "uuid": "d4015c79-0b92-4b05-bbba-39db12aface8",
              "parentUUID": "cab91916-acd6-45d0-a559-8793dfa627aa",
              "isHook": false,
              "skipped": false
            }
          ],
          "suites": [],
          "passes": [
            "ede8bee6-5359-4b75-a2fb-d7c5a798c3e1",
            "730a9a35-44d8-4b21-b454-8e31d29ae7dc",
            "d4015c79-0b92-4b05-bbba-39db12aface8"
          ],
          "failures": [],
          "pending": [],
          "skipped": [],
          "duration": 885,
          "root": false,
          "rootEmpty": false,
          "_timeout": 2000
        }
      ],
      "passes": [],
      "failures": [],
      "pending": [],
      "skipped": [],
      "duration": 0,
      "root": true,
      "rootEmpty": true,
      "_timeout": 2000
    }
  ],
  "meta": {
    "mocha": {
      "version": "7.0.1"
    },
    "mochawesome": {
      "options": {
        "quiet": false,
        "reportFilename": "mochawesome",
        "saveHtml": false,
        "saveJson": true,
        "consoleReporter": "spec",
        "useInlineDiffs": false,
        "code": true
      },
      "version": "6.1.1"
    },
    "marge": {
      "options": {
        "id": "default",
        "reportDir": "cypress/reports/mocha",
        "quite": true,
        "overwrite": false,
        "html": false,
        "json": true
      },
      "version": "5.1.0"
    }
  }
}