{
  "stats": {
    "suites": 1,
    "tests": 3,
    "passes": 3,
    "pending": 0,
    "failures": 0,
    "start": "2020-07-25T13:43:46.357Z",
    "end": "2020-07-25T13:43:47.211Z",
    "duration": 854,
    "testsRegistered": 3,
    "passPercent": 100,
    "pendingPercent": 0,
    "other": 0,
    "hasOther": false,
    "skipped": 0,
    "hasSkipped": false
  },
  "results": [
    {
      "uuid": "2a5b8969-dabf-441d-95d3-c278cebfd10d",
      "title": "",
      "fullFile": "cypress\\integration\\QAM\\front_page.spec.js",
      "file": "cypress\\integration\\QAM\\front_page.spec.js",
      "beforeHooks": [],
      "afterHooks": [],
      "tests": [],
      "suites": [
        {
          "uuid": "e20487f8-2dc2-4197-b7e3-898414ca0b7f",
          "title": "Front Page",
          "fullFile": "",
          "file": "",
          "beforeHooks": [],
          "afterHooks": [],
          "tests": [
            {
              "title": "Loads the page",
              "fullTitle": "Front Page Loads the page",
              "timedOut": null,
              "duration": 769,
              "state": "passed",
              "speed": "slow",
              "pass": true,
              "fail": false,
              "pending": false,
              "context": null,
              "code": "cy.visit(\"/\");\ncy.title().should(\"eq\", \"Chuck Norris Facts\");\ncy.location(\"protocol\").should(\"eq\", \"http:\");",
              "err": {},
              "uuid": "058c2b21-f6d7-4c43-89c8-a679a9958296",
              "parentUUID": "e20487f8-2dc2-4197-b7e3-898414ca0b7f",
              "isHook": false,
              "skipped": false
            },
            {
              "title": "Has a header",
              "fullTitle": "Front Page Has a header",
              "timedOut": null,
              "duration": 42,
              "state": "passed",
              "speed": "medium",
              "pass": true,
              "fail": false,
              "pending": false,
              "context": null,
              "code": "cy.get(\".App > header div:first h6\").should(\"be.visible\");",
              "err": {},
              "uuid": "4641dcba-cf99-4d9f-87ca-53aad90737d8",
              "parentUUID": "e20487f8-2dc2-4197-b7e3-898414ca0b7f",
              "isHook": false,
              "skipped": false
            },
            {
              "title": "Has a search input",
              "fullTitle": "Front Page Has a search input",
              "timedOut": null,
              "duration": 25,
              "state": "passed",
              "speed": "fast",
              "pass": true,
              "fail": false,
              "pending": false,
              "context": null,
              "code": "cy.get('input[aria-label=\"search chuck norris facts\"]').should(\"be.visible\");",
              "err": {},
              "uuid": "95b5f0e4-b7aa-4ea5-b147-ef759f1b852f",
              "parentUUID": "e20487f8-2dc2-4197-b7e3-898414ca0b7f",
              "isHook": false,
              "skipped": false
            }
          ],
          "suites": [],
          "passes": [
            "058c2b21-f6d7-4c43-89c8-a679a9958296",
            "4641dcba-cf99-4d9f-87ca-53aad90737d8",
            "95b5f0e4-b7aa-4ea5-b147-ef759f1b852f"
          ],
          "failures": [],
          "pending": [],
          "skipped": [],
          "duration": 836,
          "root": false,
          "rootEmpty": false,
          "_timeout": 2000
        }
      ],
      "passes": [],
      "failures": [],
      "pending": [],
      "skipped": [],
      "duration": 0,
      "root": true,
      "rootEmpty": true,
      "_timeout": 2000
    }
  ],
  "meta": {
    "mocha": {
      "version": "7.0.1"
    },
    "mochawesome": {
      "options": {
        "quiet": false,
        "reportFilename": "mochawesome",
        "saveHtml": false,
        "saveJson": true,
        "consoleReporter": "spec",
        "useInlineDiffs": false,
        "code": true
      },
      "version": "6.1.1"
    },
    "marge": {
      "options": {
        "id": "default",
        "reportDir": "cypress/reports/mocha",
        "quite": true,
        "overwrite": false,
        "html": false,
        "json": true
      },
      "version": "5.1.0"
    }
  }
}