{
  "stats": {
    "suites": 1,
    "tests": 3,
    "passes": 3,
    "pending": 0,
    "failures": 0,
    "start": "2020-07-25T13:43:48.748Z",
    "end": "2020-07-25T13:43:49.605Z",
    "duration": 857,
    "testsRegistered": 3,
    "passPercent": 100,
    "pendingPercent": 0,
    "other": 0,
    "hasOther": false,
    "skipped": 0,
    "hasSkipped": false
  },
  "results": [
    {
      "uuid": "c5fbccb7-87d5-4359-a276-54220b6e3f20",
      "title": "",
      "fullFile": "cypress\\integration\\QAM\\header.spec.js",
      "file": "cypress\\integration\\QAM\\header.spec.js",
      "beforeHooks": [],
      "afterHooks": [],
      "tests": [],
      "suites": [
        {
          "uuid": "5f6f0f27-3711-42a7-9910-50043eebb86c",
          "title": "Page Header",
          "fullFile": "",
          "file": "",
          "beforeHooks": [],
          "afterHooks": [],
          "tests": [
            {
              "title": "Has a title",
              "fullTitle": "Page Header Has a title",
              "timedOut": null,
              "duration": 748,
              "state": "passed",
              "speed": "slow",
              "pass": true,
              "fail": false,
              "pending": false,
              "context": null,
              "code": "cy.visit(\"/\");\ncy.get(\".App > header div:first h6\").contains(\"Chuck Norris Fact Finder\");",
              "err": {},
              "uuid": "df23ab55-7257-4558-9cf9-39f89ee30594",
              "parentUUID": "5f6f0f27-3711-42a7-9910-50043eebb86c",
              "isHook": false,
              "skipped": false
            },
            {
              "title": "Has a language option",
              "fullTitle": "Page Header Has a language option",
              "timedOut": null,
              "duration": 25,
              "state": "passed",
              "speed": "fast",
              "pass": true,
              "fail": false,
              "pending": false,
              "context": null,
              "code": "cy.get(\".App > header div:first h6\", {\n  timeout: 10000\n}).contains(\"Change Language\");",
              "err": {},
              "uuid": "cd922228-227c-4d4c-9f5e-f6cd3e7f5226",
              "parentUUID": "5f6f0f27-3711-42a7-9910-50043eebb86c",
              "isHook": false,
              "skipped": false
            },
            {
              "title": "Has 3 language options",
              "fullTitle": "Page Header Has 3 language options",
              "timedOut": null,
              "duration": 48,
              "state": "passed",
              "speed": "medium",
              "pass": true,
              "fail": false,
              "pending": false,
              "context": null,
              "code": "cy.get(\".App > header > div > div:nth-child(2) div\").within(function () {\n  cy.get(\"button[aria-label='english']\").contains(\"en\");\n  cy.get(\"button[aria-label='arabic']\").contains(\"ar\");\n  cy.get(\"button[aria-label='hebrew']\").contains(\"he\");\n});",
              "err": {},
              "uuid": "d6d632cf-6e31-4f8b-abc2-274d540f720b",
              "parentUUID": "5f6f0f27-3711-42a7-9910-50043eebb86c",
              "isHook": false,
              "skipped": false
            }
          ],
          "suites": [],
          "passes": [
            "df23ab55-7257-4558-9cf9-39f89ee30594",
            "cd922228-227c-4d4c-9f5e-f6cd3e7f5226",
            "d6d632cf-6e31-4f8b-abc2-274d540f720b"
          ],
          "failures": [],
          "pending": [],
          "skipped": [],
          "duration": 821,
          "root": false,
          "rootEmpty": false,
          "_timeout": 2000
        }
      ],
      "passes": [],
      "failures": [],
      "pending": [],
      "skipped": [],
      "duration": 0,
      "root": true,
      "rootEmpty": true,
      "_timeout": 2000
    }
  ],
  "meta": {
    "mocha": {
      "version": "7.0.1"
    },
    "mochawesome": {
      "options": {
        "quiet": false,
        "reportFilename": "mochawesome",
        "saveHtml": false,
        "saveJson": true,
        "consoleReporter": "spec",
        "useInlineDiffs": false,
        "code": true
      },
      "version": "6.1.1"
    },
    "marge": {
      "options": {
        "id": "default",
        "reportDir": "cypress/reports/mocha",
        "quite": true,
        "overwrite": false,
        "html": false,
        "json": true
      },
      "version": "5.1.0"
    }
  }
}