{
  "stats": {
    "suites": 1,
    "tests": 3,
    "passes": 3,
    "pending": 0,
    "failures": 0,
    "start": "2020-07-25T09:21:42.236Z",
    "end": "2020-07-25T09:21:43.512Z",
    "duration": 1276,
    "testsRegistered": 3,
    "passPercent": 100,
    "pendingPercent": 0,
    "other": 0,
    "hasOther": false,
    "skipped": 0,
    "hasSkipped": false
  },
  "results": [
    {
      "uuid": "c9654d14-a065-4410-b3bb-acec49542e75",
      "title": "",
      "fullFile": "cypress\\integration\\QAM\\front_page.spec.js",
      "file": "cypress\\integration\\QAM\\front_page.spec.js",
      "beforeHooks": [],
      "afterHooks": [],
      "tests": [],
      "suites": [
        {
          "uuid": "c894f518-7fa5-4a7e-acd9-1c6f3bc02310",
          "title": "Front Page",
          "fullFile": "",
          "file": "",
          "beforeHooks": [],
          "afterHooks": [],
          "tests": [
            {
              "title": "Loads the page",
              "fullTitle": "Front Page Loads the page",
              "timedOut": null,
              "duration": 1159,
              "state": "passed",
              "speed": "slow",
              "pass": true,
              "fail": false,
              "pending": false,
              "context": null,
              "code": "cy.visit(\"/\");\ncy.title().should(\"eq\", \"Chuck Norris Facts\");\ncy.location(\"protocol\").should(\"eq\", \"http:\");",
              "err": {},
              "uuid": "5c7ed2b6-5512-4bae-825d-ff67a39b7258",
              "parentUUID": "c894f518-7fa5-4a7e-acd9-1c6f3bc02310",
              "isHook": false,
              "skipped": false
            },
            {
              "title": "Has a header",
              "fullTitle": "Front Page Has a header",
              "timedOut": null,
              "duration": 50,
              "state": "passed",
              "speed": "medium",
              "pass": true,
              "fail": false,
              "pending": false,
              "context": null,
              "code": "cy.get(\".App > header div:first h6\").should(\"be.visible\");",
              "err": {},
              "uuid": "f7f725e5-3662-4d1c-9fcf-c5e5806a6afb",
              "parentUUID": "c894f518-7fa5-4a7e-acd9-1c6f3bc02310",
              "isHook": false,
              "skipped": false
            },
            {
              "title": "Has a search input",
              "fullTitle": "Front Page Has a search input",
              "timedOut": null,
              "duration": 44,
              "state": "passed",
              "speed": "medium",
              "pass": true,
              "fail": false,
              "pending": false,
              "context": null,
              "code": "cy.get('input[aria-label=\"search chuck norris facts\"]').should(\"be.visible\");",
              "err": {},
              "uuid": "77a750a6-5887-45fa-924e-73116e9202cc",
              "parentUUID": "c894f518-7fa5-4a7e-acd9-1c6f3bc02310",
              "isHook": false,
              "skipped": false
            }
          ],
          "suites": [],
          "passes": [
            "5c7ed2b6-5512-4bae-825d-ff67a39b7258",
            "f7f725e5-3662-4d1c-9fcf-c5e5806a6afb",
            "77a750a6-5887-45fa-924e-73116e9202cc"
          ],
          "failures": [],
          "pending": [],
          "skipped": [],
          "duration": 1253,
          "root": false,
          "rootEmpty": false,
          "_timeout": 2000
        }
      ],
      "passes": [],
      "failures": [],
      "pending": [],
      "skipped": [],
      "duration": 0,
      "root": true,
      "rootEmpty": true,
      "_timeout": 2000
    }
  ],
  "meta": {
    "mocha": {
      "version": "7.0.1"
    },
    "mochawesome": {
      "options": {
        "quiet": false,
        "reportFilename": "mochawesome",
        "saveHtml": false,
        "saveJson": true,
        "consoleReporter": "spec",
        "useInlineDiffs": false,
        "code": true
      },
      "version": "6.1.1"
    },
    "marge": {
      "options": {
        "id": "default",
        "reportDir": "cypress/reports/mocha",
        "quite": true,
        "overwrite": false,
        "html": false,
        "json": true
      },
      "version": "5.1.0"
    }
  }
}