{
  "stats": {
    "suites": 1,
    "tests": 3,
    "passes": 3,
    "pending": 0,
    "failures": 0,
    "start": "2020-07-25T11:47:36.176Z",
    "end": "2020-07-25T11:47:37.560Z",
    "duration": 1384,
    "testsRegistered": 3,
    "passPercent": 100,
    "pendingPercent": 0,
    "other": 0,
    "hasOther": false,
    "skipped": 0,
    "hasSkipped": false
  },
  "results": [
    {
      "uuid": "0b500a44-23c5-4e4d-837c-feabf61ce90d",
      "title": "",
      "fullFile": "cypress\\integration\\QAM\\layout.spec.js",
      "file": "cypress\\integration\\QAM\\layout.spec.js",
      "beforeHooks": [],
      "afterHooks": [],
      "tests": [],
      "suites": [
        {
          "uuid": "003c7cf6-4413-4780-abbe-fa4de31f3413",
          "title": "Page Layout",
          "fullFile": "",
          "file": "",
          "beforeHooks": [],
          "afterHooks": [],
          "tests": [
            {
              "title": "Has left alignment by default",
              "fullTitle": "Page Layout Has left alignment by default",
              "timedOut": null,
              "duration": 685,
              "state": "passed",
              "speed": "slow",
              "pass": true,
              "fail": false,
              "pending": false,
              "context": null,
              "code": "cy.visit(\"/\");\ncy.viewport(1680, 1050);\ncy.get(\"header\").should(\"be.leftAligned\", \"main\");",
              "err": {},
              "uuid": "21279f38-611b-4123-9063-8d0350c4b771",
              "parentUUID": "003c7cf6-4413-4780-abbe-fa4de31f3413",
              "isHook": false,
              "skipped": false
            },
            {
              "title": "Has ltr layout",
              "fullTitle": "Page Layout Has ltr layout",
              "timedOut": null,
              "duration": 354,
              "state": "passed",
              "speed": "slow",
              "pass": true,
              "fail": false,
              "pending": false,
              "context": null,
              "code": "cy.visit(\"/\");\ncy.viewport(1680, 1050);\ncy.get(\".App > header > div > div:nth-child(2) div\").within(function () {\n  cy.get(\"button[aria-label='arabic']\").click();\n});\ncy.get(\"body[dir='rtl'\").should(\"be.visible\");",
              "err": {},
              "uuid": "df8e7a0e-831f-4405-a913-93ff09d27aed",
              "parentUUID": "003c7cf6-4413-4780-abbe-fa4de31f3413",
              "isHook": false,
              "skipped": false
            },
            {
              "title": "Has rtl layout",
              "fullTitle": "Page Layout Has rtl layout",
              "timedOut": null,
              "duration": 317,
              "state": "passed",
              "speed": "slow",
              "pass": true,
              "fail": false,
              "pending": false,
              "context": null,
              "code": "cy.visit(\"/\");\ncy.viewport(1680, 1050);\ncy.get(\".App > header > div > div:nth-child(2) div\").within(function () {\n  cy.get(\"button[aria-label='english']\").click();\n});\ncy.get(\"body[dir='ltr'\").should(\"be.visible\");",
              "err": {},
              "uuid": "8898a2cc-09a4-48fa-a39a-7af8038298d9",
              "parentUUID": "003c7cf6-4413-4780-abbe-fa4de31f3413",
              "isHook": false,
              "skipped": false
            }
          ],
          "suites": [],
          "passes": [
            "21279f38-611b-4123-9063-8d0350c4b771",
            "df8e7a0e-831f-4405-a913-93ff09d27aed",
            "8898a2cc-09a4-48fa-a39a-7af8038298d9"
          ],
          "failures": [],
          "pending": [],
          "skipped": [],
          "duration": 1356,
          "root": false,
          "rootEmpty": false,
          "_timeout": 2000
        }
      ],
      "passes": [],
      "failures": [],
      "pending": [],
      "skipped": [],
      "duration": 0,
      "root": true,
      "rootEmpty": true,
      "_timeout": 2000
    }
  ],
  "meta": {
    "mocha": {
      "version": "7.0.1"
    },
    "mochawesome": {
      "options": {
        "quiet": false,
        "reportFilename": "mochawesome",
        "saveHtml": false,
        "saveJson": true,
        "consoleReporter": "spec",
        "useInlineDiffs": false,
        "code": true
      },
      "version": "6.1.1"
    },
    "marge": {
      "options": {
        "id": "default",
        "reportDir": "cypress/reports/mocha",
        "quite": true,
        "overwrite": false,
        "html": false,
        "json": true
      },
      "version": "5.1.0"
    }
  }
}