{
  "stats": {
    "suites": 1,
    "tests": 2,
    "passes": 2,
    "pending": 0,
    "failures": 0,
    "start": "2020-07-25T08:52:51.355Z",
    "end": "2020-07-25T08:52:53.766Z",
    "duration": 2411,
    "testsRegistered": 2,
    "passPercent": 100,
    "pendingPercent": 0,
    "other": 0,
    "hasOther": false,
    "skipped": 0,
    "hasSkipped": false
  },
  "results": [
    {
      "uuid": "ac40339f-63ec-4338-a8d5-75d2328f5ceb",
      "title": "",
      "fullFile": "cypress\\integration\\QAM\\front_page.spec.js",
      "file": "cypress\\integration\\QAM\\front_page.spec.js",
      "beforeHooks": [],
      "afterHooks": [],
      "tests": [],
      "suites": [
        {
          "uuid": "180e614a-566e-4f86-a4d2-69ca29bc7f31",
          "title": "Front Page",
          "fullFile": "",
          "file": "",
          "beforeHooks": [],
          "afterHooks": [],
          "tests": [
            {
              "title": "Loads the page",
              "fullTitle": "Front Page Loads the page",
              "timedOut": null,
              "duration": 1895,
              "state": "passed",
              "speed": "slow",
              "pass": true,
              "fail": false,
              "pending": false,
              "context": null,
              "code": "cy.visit(\"/\");\ncy.title().should(\"eq\", \"Chuck Norris Facts\");\ncy.location(\"protocol\").should(\"eq\", \"http:\");",
              "err": {},
              "uuid": "614b0a4f-e6a2-4d8f-9a2b-3b7ca5ae6c77",
              "parentUUID": "180e614a-566e-4f86-a4d2-69ca29bc7f31",
              "isHook": false,
              "skipped": false
            },
            {
              "title": "Has header",
              "fullTitle": "Front Page Has header",
              "timedOut": null,
              "duration": 451,
              "state": "passed",
              "speed": "slow",
              "pass": true,
              "fail": false,
              "pending": false,
              "context": null,
              "code": "cy.visit(\"/\");\ncy.get(\".App > header div:first h6\").contains(\"Chuck Norris Fact Finder\").should(\"be.visible\");",
              "err": {},
              "uuid": "57988fac-dd8e-48dd-99e3-bd4dc60cb11b",
              "parentUUID": "180e614a-566e-4f86-a4d2-69ca29bc7f31",
              "isHook": false,
              "skipped": false
            }
          ],
          "suites": [],
          "passes": [
            "614b0a4f-e6a2-4d8f-9a2b-3b7ca5ae6c77",
            "57988fac-dd8e-48dd-99e3-bd4dc60cb11b"
          ],
          "failures": [],
          "pending": [],
          "skipped": [],
          "duration": 2346,
          "root": false,
          "rootEmpty": false,
          "_timeout": 2000
        }
      ],
      "passes": [],
      "failures": [],
      "pending": [],
      "skipped": [],
      "duration": 0,
      "root": true,
      "rootEmpty": true,
      "_timeout": 2000
    }
  ],
  "meta": {
    "mocha": {
      "version": "7.0.1"
    },
    "mochawesome": {
      "options": {
        "quiet": false,
        "reportFilename": "mochawesome",
        "saveHtml": false,
        "saveJson": true,
        "consoleReporter": "spec",
        "useInlineDiffs": false,
        "code": true
      },
      "version": "6.1.1"
    },
    "marge": {
      "options": {
        "id": "default",
        "reportDir": "cypress/reports/mocha",
        "quite": true,
        "overwrite": false,
        "html": false,
        "json": true
      },
      "version": "5.1.0"
    }
  }
}