{
  "stats": {
    "suites": 1,
    "tests": 3,
    "passes": 3,
    "pending": 0,
    "failures": 0,
    "start": "2020-07-25T12:13:32.741Z",
    "end": "2020-07-25T12:13:34.180Z",
    "duration": 1439,
    "testsRegistered": 3,
    "passPercent": 100,
    "pendingPercent": 0,
    "other": 0,
    "hasOther": false,
    "skipped": 0,
    "hasSkipped": false
  },
  "results": [
    {
      "uuid": "7eb44e57-f2ab-4344-9130-e817e3d932a7",
      "title": "",
      "fullFile": "cypress\\integration\\QAM\\layout.spec.js",
      "file": "cypress\\integration\\QAM\\layout.spec.js",
      "beforeHooks": [],
      "afterHooks": [],
      "tests": [],
      "suites": [
        {
          "uuid": "5ca55e13-bd1d-4913-9fa5-d1cc75d9ebdf",
          "title": "Page Layout",
          "fullFile": "",
          "file": "",
          "beforeHooks": [],
          "afterHooks": [],
          "tests": [
            {
              "title": "Has left alignment by default",
              "fullTitle": "Page Layout Has left alignment by default",
              "timedOut": null,
              "duration": 750,
              "state": "passed",
              "speed": "slow",
              "pass": true,
              "fail": false,
              "pending": false,
              "context": null,
              "code": "cy.visit(\"/\");\ncy.viewport(1680, 1050);\ncy.get(\"header\").should(\"be.leftAligned\", \"main\");",
              "err": {},
              "uuid": "a1b7df47-6204-46da-82a8-17405e2419f4",
              "parentUUID": "5ca55e13-bd1d-4913-9fa5-d1cc75d9ebdf",
              "isHook": false,
              "skipped": false
            },
            {
              "title": "Has ltr layout",
              "fullTitle": "Page Layout Has ltr layout",
              "timedOut": null,
              "duration": 324,
              "state": "passed",
              "speed": "slow",
              "pass": true,
              "fail": false,
              "pending": false,
              "context": null,
              "code": "cy.visit(\"/\");\ncy.viewport(1680, 1050);\ncy.get(\".App > header > div > div:nth-child(2) div\").within(function () {\n  cy.get(\"button[aria-label='arabic']\").click();\n});\ncy.get(\"body[dir='rtl'\").should(\"be.visible\");",
              "err": {},
              "uuid": "6716ac28-e184-45ac-9db4-b7a5db8962f3",
              "parentUUID": "5ca55e13-bd1d-4913-9fa5-d1cc75d9ebdf",
              "isHook": false,
              "skipped": false
            },
            {
              "title": "Has rtl layout",
              "fullTitle": "Page Layout Has rtl layout",
              "timedOut": null,
              "duration": 320,
              "state": "passed",
              "speed": "slow",
              "pass": true,
              "fail": false,
              "pending": false,
              "context": null,
              "code": "cy.visit(\"/\");\ncy.viewport(1680, 1050);\ncy.get(\".App > header > div > div:nth-child(2) div\").within(function () {\n  cy.get(\"button[aria-label='english']\").click();\n});\ncy.get(\"body[dir='ltr'\").should(\"be.visible\");",
              "err": {},
              "uuid": "b74c0293-0887-4c23-b9ba-921c3063adcb",
              "parentUUID": "5ca55e13-bd1d-4913-9fa5-d1cc75d9ebdf",
              "isHook": false,
              "skipped": false
            }
          ],
          "suites": [],
          "passes": [
            "a1b7df47-6204-46da-82a8-17405e2419f4",
            "6716ac28-e184-45ac-9db4-b7a5db8962f3",
            "b74c0293-0887-4c23-b9ba-921c3063adcb"
          ],
          "failures": [],
          "pending": [],
          "skipped": [],
          "duration": 1394,
          "root": false,
          "rootEmpty": false,
          "_timeout": 2000
        }
      ],
      "passes": [],
      "failures": [],
      "pending": [],
      "skipped": [],
      "duration": 0,
      "root": true,
      "rootEmpty": true,
      "_timeout": 2000
    }
  ],
  "meta": {
    "mocha": {
      "version": "7.0.1"
    },
    "mochawesome": {
      "options": {
        "quiet": false,
        "reportFilename": "mochawesome",
        "saveHtml": false,
        "saveJson": true,
        "consoleReporter": "spec",
        "useInlineDiffs": false,
        "code": true
      },
      "version": "6.1.1"
    },
    "marge": {
      "options": {
        "id": "default",
        "reportDir": "cypress/reports/mocha",
        "quite": true,
        "overwrite": false,
        "html": false,
        "json": true
      },
      "version": "5.1.0"
    }
  }
}